
============================= test session starts ==============================
platform linux -- Python 3.11.16, pytest-9.1.1, pluggy-1.6.0 -- /usr/local/bin/python3.11
cachedir: .pytest_cache
benchmark: 5.3.0 (defaults: timer=time.perf_counter disable_gc=False min_rounds=5 min_time=0.000005 max_time=1.0 calibration_precision=10 warmup=False warmup_iterations=100000)
rootdir: /workspace/repo
configfile: pyproject.toml
plugins: Faker-40.38.0, asyncio-1.4.0, benchmark-5.3.0, cov-7.1.0
asyncio: mode=Mode.STRICT, debug=False, asyncio_default_fixture_loop_scope=session, asyncio_default_test_loop_scope=function
collecting ... collected 99 items

tests/test_engine.py::test_context PASSED                                [  1%]
tests/test_engine.py::test_root_fields PASSED                            [  2%]
tests/test_engine.py::test_node_fields PASSED                            [  3%]
tests/test_engine.py::test_node_complex_fields PASSED                    [  4%]
tests/test_engine.py::test_links PASSED                                  [  5%]
tests/test_engine.py::test_links_requires_list PASSED                    [  6%]
tests/test_engine.py::test_links_requires_list_sa PASSED                 [  7%]
tests/test_engine.py::test_field_option_valid[option0-args0-result0] PASSED [  8%]
tests/test_engine.py::test_field_option_valid[option1-args1-result1] PASSED [  9%]
tests/test_engine.py::test_field_option_valid[option2-args2-result2] PASSED [ 10%]
tests/test_engine.py::test_field_option_valid[option3-args3-result3] PASSED [ 11%]
tests/test_engine.py::test_field_option_valid[option4-args4-result4] PASSED [ 12%]
tests/test_engine.py::test_field_option_valid[option5-args5-result5] PASSED [ 13%]
tests/test_engine.py::test_field_option_unknown PASSED                   [ 14%]
tests/test_engine.py::test_field_option_missing PASSED                   [ 15%]
tests/test_engine.py::test_link_option_valid[option0-args0-result0] PASSED [ 16%]
tests/test_engine.py::test_link_option_valid[option1-args1-result1] PASSED [ 17%]
tests/test_engine.py::test_link_option_valid[option2-args2-result2] PASSED [ 18%]
tests/test_engine.py::test_link_option_valid[option3-args3-result3] PASSED [ 19%]
tests/test_engine.py::test_link_option_valid[option4-args4-result4] PASSED [ 20%]
tests/test_engine.py::test_link_option_valid[option5-args5-result5] PASSED [ 21%]
tests/test_engine.py::test_link_option_unknown PASSED                    [ 22%]
tests/test_engine.py::test_link_option_missing PASSED                    [ 23%]
tests/test_engine.py::test_link_option_type_ref PASSED                   [ 24%]
tests/test_engine.py::test_link_option_input_ref PASSED                  [ 25%]
tests/test_engine.py::test_link_optional_option_input_ref[query_args0] PASSED [ 26%]
tests/test_engine.py::test_link_optional_option_input_ref[query_args1] PASSED [ 27%]
tests/test_engine.py::test_pass_context_field PASSED                     [ 28%]
tests/test_engine.py::test_pass_context_link PASSED                      [ 29%]
tests/test_engine.py::test_node_link_without_requirements PASSED         [ 30%]
tests/test_engine.py::test_root_field_func_result_validation[1] PASSED   [ 31%]
tests/test_engine.py::test_root_field_func_result_validation[value1] PASSED [ 32%]
tests/test_engine.py::test_root_field_func_result_validation[value2] PASSED [ 33%]
tests/test_engine.py::test_node_field_func_result_validation[1] PASSED   [ 34%]
tests/test_engine.py::test_node_field_func_result_validation[value1] PASSED [ 35%]
tests/test_engine.py::test_node_field_func_result_validation[value2] PASSED [ 36%]
tests/test_engine.py::test_node_field_func_result_validation[value3] PASSED [ 37%]
tests/test_engine.py::test_node_field_func_result_validation[value4] PASSED [ 38%]
tests/test_engine.py::test_node_field_func_result_validation[value5] PASSED [ 39%]
tests/test_engine.py::test_root_link_many_func_result_validation PASSED  [ 40%]
tests/test_engine.py::test_node_link_one_func_result_validation[1] PASSED [ 41%]
tests/test_engine.py::test_node_link_one_func_result_validation[value1] PASSED [ 42%]
tests/test_engine.py::test_node_link_one_func_result_validation[value2] PASSED [ 43%]
tests/test_engine.py::test_node_link_many_func_result_validation[1] PASSED [ 44%]
tests/test_engine.py::test_node_link_many_func_result_validation[value1] PASSED [ 45%]
tests/test_engine.py::test_node_link_many_func_result_validation[value2] PASSED [ 46%]
tests/test_engine.py::test_node_link_many_func_result_validation[value3] PASSED [ 47%]
tests/test_engine.py::test_node_link_many_func_result_validation[value4] PASSED [ 48%]
tests/test_engine.py::test_root_field_alias PASSED                       [ 49%]
tests/test_engine.py::test_node_field_alias PASSED                       [ 50%]
tests/test_engine.py::test_root_link_alias PASSED                        [ 51%]
tests/test_engine.py::test_node_link_alias PASSED                        [ 52%]
tests/test_engine.py::test_conflicting_fields PASSED                     [ 53%]
tests/test_engine.py::test_conflicting_links PASSED                      [ 54%]
tests/test_engine.py::test_process_ordered_node PASSED                   [ 55%]
tests/test_engine.py::test_falsy_link_result PASSED                      [ 56%]
tests/test_engine.py::test_root_link_with_sequence_to_optional_type_ref PASSED [ 57%]
tests/test_engine.py::test_non_root_link_with_sequence_to_optional_type_ref PASSED [ 58%]
tests/test_engine.py::test_mutation_query_builder PASSED                 [ 59%]
tests/test_engine.py::test_merge_query__fragments PASSED                 [ 60%]
tests/test_engine.py::test_merge_query__interface_fragments[one level fragments] PASSED [ 61%]
tests/test_engine.py::test_merge_query__interface_fragments[nested fragments] PASSED [ 62%]
tests/test_engine.py::test_merge_query__interface_fragments[nested + neighbour fragments] PASSED [ 63%]
tests/test_engine.py::test_merge_query__union_fragments[one level fragments] PASSED [ 64%]
tests/test_engine.py::test_merge_query__union_fragments[nested fragments] PASSED [ 65%]
tests/test_engine.py::test_merge_query__union_fragments[nested + neighbour fragments] PASSED [ 66%]
tests/test_engine.py::test_merge_query__fields_and_nested_fragments PASSED [ 67%]
tests/test_engine.py::test_merge_query__only_nested_fragments PASSED     [ 68%]
tests/test_engine.py::test_merge_query__complex_field_fragment PASSED    [ 69%]
tests/test_engine.py::test_denormalize_introspection PASSED              [ 70%]
tests/test_validate_query.py::test_field PASSED                          [ 71%]
tests/test_validate_query.py::test_field_complex[wounded] PASSED         [ 72%]
tests/test_validate_query.py::test_field_complex[annuals] PASSED         [ 73%]
tests/test_validate_query.py::test_field_complex[hialeah] PASSED         [ 74%]
tests/test_validate_query.py::test_field_complex[val] PASSED             [ 75%]
tests/test_validate_query.py::test_field_complex_with_typename PASSED    [ 76%]
tests/test_validate_query.py::test_nested_records PASSED                 [ 77%]
tests/test_validate_query.py::test_non_field PASSED                      [ 78%]
tests/test_validate_query.py::test_field_options PASSED                  [ 79%]
tests/test_validate_query.py::test_link PASSED                           [ 80%]
tests/test_validate_query.py::test_link_options PASSED                   [ 81%]
tests/test_validate_query.py::test_missing_options PASSED                [ 82%]
tests/test_validate_query.py::test_scalar_option_type_errors PASSED      [ 83%]
tests/test_validate_query.py::test_optional_option_type_errors PASSED    [ 84%]
tests/test_validate_query.py::test_sequence_option_type_errors PASSED    [ 85%]
tests/test_validate_query.py::test_mapping_option_type_errors PASSED     [ 86%]
tests/test_validate_query.py::test_record_option_type_errors PASSED      [ 87%]
tests/test_validate_query.py::test_distinct_by_name_fields PASSED        [ 88%]
tests/test_validate_query.py::test_distinct_by_options_fields[only fields] PASSED [ 89%]
tests/test_validate_query.py::test_distinct_by_options_fields[only fields inside fragment] PASSED [ 90%]
tests/test_validate_query.py::test_distinct_by_options_fields[fields inside neighbour fragment] PASSED [ 91%]
tests/test_validate_query.py::test_distinct_by_options_fields[field + neighbour fragment] PASSED [ 92%]
tests/test_validate_query.py::test_distinct_by_options_fields[different level fragment, same link] PASSED [ 93%]
tests/test_validate_query.py::test_distinct_by_name_links PASSED         [ 94%]
tests/test_validate_query.py::test_distinct_by_options_links PASSED      [ 95%]
tests/test_validate_query.py::test_typeref_in_option PASSED              [ 96%]
tests/test_validate_query.py::test_any_in_option PASSED                  [ 97%]
tests/test_validate_query.py::test_validate_query_fragment_on_unknown_type PASSED [ 98%]
tests/test_validate_query.py::test_input_ref_in_option PASSED            [100%]

=============================== warnings summary ===============================
tests/test_engine.py::test_links_requires_list_sa
  /workspace/repo/hiku/sources/sqlalchemy.py:140: RemovedIn20Warning: Deprecated API features detected! These feature(s) are not compatible with SQLAlchemy 2.0. To prevent incompatible upgrades prior to updating applications, ensure requirements files are pinned to "sqlalchemy<2.0". Set environment variable SQLALCHEMY_WARN_20=1 to show all deprecation warnings.  Set environment variable SQLALCHEMY_SILENCE_UBER_WARNING=1 to silence this message. (Background on SQLAlchemy 2.0 at: https://sqlalche.me/e/b8d9)
    sqlalchemy.select(

-- Docs: https://docs.pytest.org/en/stable/how-to/capture-warnings.html
==================================== PASSES ====================================
_________________________ test_mutation_query_builder __________________________
----------------------------- Captured stdout call -----------------------------
build query Node(fields=[Link(name='createA', node=Node(fields=[Field(name='a', options=None, alias=None, directives=())], fragments=[], ordered=False), options=None, alias=None, directives=())], fragments=[], ordered=True)
=========================== short test summary info ============================
PASSED tests/test_engine.py::test_context
PASSED tests/test_engine.py::test_root_fields
PASSED tests/test_engine.py::test_node_fields
PASSED tests/test_engine.py::test_node_complex_fields
PASSED tests/test_engine.py::test_links
PASSED tests/test_engine.py::test_links_requires_list
PASSED tests/test_engine.py::test_links_requires_list_sa
PASSED tests/test_engine.py::test_field_option_valid[option0-args0-result0]
PASSED tests/test_engine.py::test_field_option_valid[option1-args1-result1]
PASSED tests/test_engine.py::test_field_option_valid[option2-args2-result2]
PASSED tests/test_engine.py::test_field_option_valid[option3-args3-result3]
PASSED tests/test_engine.py::test_field_option_valid[option4-args4-result4]
PASSED tests/test_engine.py::test_field_option_valid[option5-args5-result5]
PASSED tests/test_engine.py::test_field_option_unknown
PASSED tests/test_engine.py::test_field_option_missing
PASSED tests/test_engine.py::test_link_option_valid[option0-args0-result0]
PASSED tests/test_engine.py::test_link_option_valid[option1-args1-result1]
PASSED tests/test_engine.py::test_link_option_valid[option2-args2-result2]
PASSED tests/test_engine.py::test_link_option_valid[option3-args3-result3]
PASSED tests/test_engine.py::test_link_option_valid[option4-args4-result4]
PASSED tests/test_engine.py::test_link_option_valid[option5-args5-result5]
PASSED tests/test_engine.py::test_link_option_unknown
PASSED tests/test_engine.py::test_link_option_missing
PASSED tests/test_engine.py::test_link_option_type_ref
PASSED tests/test_engine.py::test_link_option_input_ref
PASSED tests/test_engine.py::test_link_optional_option_input_ref[query_args0]
PASSED tests/test_engine.py::test_link_optional_option_input_ref[query_args1]
PASSED tests/test_engine.py::test_pass_context_field
PASSED tests/test_engine.py::test_pass_context_link
PASSED tests/test_engine.py::test_node_link_without_requirements
PASSED tests/test_engine.py::test_root_field_func_result_validation[1]
PASSED tests/test_engine.py::test_root_field_func_result_validation[value1]
PASSED tests/test_engine.py::test_root_field_func_result_validation[value2]
PASSED tests/test_engine.py::test_node_field_func_result_validation[1]
PASSED tests/test_engine.py::test_node_field_func_result_validation[value1]
PASSED tests/test_engine.py::test_node_field_func_result_validation[value2]
PASSED tests/test_engine.py::test_node_field_func_result_validation[value3]
PASSED tests/test_engine.py::test_node_field_func_result_validation[value4]
PASSED tests/test_engine.py::test_node_field_func_result_validation[value5]
PASSED tests/test_engine.py::test_root_link_many_func_result_validation
PASSED tests/test_engine.py::test_node_link_one_func_result_validation[1]
PASSED tests/test_engine.py::test_node_link_one_func_result_validation[value1]
PASSED tests/test_engine.py::test_node_link_one_func_result_validation[value2]
PASSED tests/test_engine.py::test_node_link_many_func_result_validation[1]
PASSED tests/test_engine.py::test_node_link_many_func_result_validation[value1]
PASSED tests/test_engine.py::test_node_link_many_func_result_validation[value2]
PASSED tests/test_engine.py::test_node_link_many_func_result_validation[value3]
PASSED tests/test_engine.py::test_node_link_many_func_result_validation[value4]
PASSED tests/test_engine.py::test_root_field_alias
PASSED tests/test_engine.py::test_node_field_alias
PASSED tests/test_engine.py::test_root_link_alias
PASSED tests/test_engine.py::test_node_link_alias
PASSED tests/test_engine.py::test_conflicting_fields
PASSED tests/test_engine.py::test_conflicting_links
PASSED tests/test_engine.py::test_process_ordered_node
PASSED tests/test_engine.py::test_falsy_link_result
PASSED tests/test_engine.py::test_root_link_with_sequence_to_optional_type_ref
PASSED tests/test_engine.py::test_non_root_link_with_sequence_to_optional_type_ref
PASSED tests/test_engine.py::test_mutation_query_builder
PASSED tests/test_engine.py::test_merge_query__fragments
PASSED tests/test_engine.py::test_merge_query__interface_fragments[one level fragments]
PASSED tests/test_engine.py::test_merge_query__interface_fragments[nested fragments]
PASSED tests/test_engine.py::test_merge_query__interface_fragments[nested + neighbour fragments]
PASSED tests/test_engine.py::test_merge_query__union_fragments[one level fragments]
PASSED tests/test_engine.py::test_merge_query__union_fragments[nested fragments]
PASSED tests/test_engine.py::test_merge_query__union_fragments[nested + neighbour fragments]
PASSED tests/test_engine.py::test_merge_query__fields_and_nested_fragments
PASSED tests/test_engine.py::test_merge_query__only_nested_fragments
PASSED tests/test_engine.py::test_merge_query__complex_field_fragment
PASSED tests/test_engine.py::test_denormalize_introspection
PASSED tests/test_validate_query.py::test_field
PASSED tests/test_validate_query.py::test_field_complex[wounded]
PASSED tests/test_validate_query.py::test_field_complex[annuals]
PASSED tests/test_validate_query.py::test_field_complex[hialeah]
PASSED tests/test_validate_query.py::test_field_complex[val]
PASSED tests/test_validate_query.py::test_field_complex_with_typename
PASSED tests/test_validate_query.py::test_nested_records
PASSED tests/test_validate_query.py::test_non_field
PASSED tests/test_validate_query.py::test_field_options
PASSED tests/test_validate_query.py::test_link
PASSED tests/test_validate_query.py::test_link_options
PASSED tests/test_validate_query.py::test_missing_options
PASSED tests/test_validate_query.py::test_scalar_option_type_errors
PASSED tests/test_validate_query.py::test_optional_option_type_errors
PASSED tests/test_validate_query.py::test_sequence_option_type_errors
PASSED tests/test_validate_query.py::test_mapping_option_type_errors
PASSED tests/test_validate_query.py::test_record_option_type_errors
PASSED tests/test_validate_query.py::test_distinct_by_name_fields
PASSED tests/test_validate_query.py::test_distinct_by_options_fields[only fields]
PASSED tests/test_validate_query.py::test_distinct_by_options_fields[only fields inside fragment]
PASSED tests/test_validate_query.py::test_distinct_by_options_fields[fields inside neighbour fragment]
PASSED tests/test_validate_query.py::test_distinct_by_options_fields[field + neighbour fragment]
PASSED tests/test_validate_query.py::test_distinct_by_options_fields[different level fragment, same link]
PASSED tests/test_validate_query.py::test_distinct_by_name_links
PASSED tests/test_validate_query.py::test_distinct_by_options_links
PASSED tests/test_validate_query.py::test_typeref_in_option
PASSED tests/test_validate_query.py::test_any_in_option
PASSED tests/test_validate_query.py::test_validate_query_fragment_on_unknown_type
PASSED tests/test_validate_query.py::test_input_ref_in_option
======================== 99 passed, 1 warning in 1.32s =========================
